Process still running... 34672
Process still running... 34672
/Group/da/sukeng/IO_nextsim/neXtSIM_test23_06_1 is created!                         
/Group/da/sukeng/IO_nextsim/neXtSIM_test23_06_1/FILTER is created!                         
/Group/da/sukeng/IO_nextsim/neXtSIM_test23_06_1/ENS01 is created!                         
54258
Process still running... 54258
Process still running... 34672
./perturb_wind.sh: line 52: kill: (54258) - No such process
54258 for ENS01 is stopped accidentally, redo
55347
Process still running... 55347
Process still running... 34672
/Group/da/sukeng/IO_nextsim/neXtSIM_test23_06_1 is created!                         
/Group/da/sukeng/IO_nextsim/neXtSIM_test23_06_1/FILTER is created!                         
/Group/da/sukeng/IO_nextsim/neXtSIM_test23_06_1/ENS01 is created!                         
56040
Process still running... 56040
./perturb_wind.sh: line 52: kill: (55347) - No such process
rm: cannot remove ‘*’: Stale file handle
55347 for ENS01 is stopped accidentally, redo
56440
Process still running... 56440
Process still running... 34672
/Group/da/sukeng/IO_nextsim/neXtSIM_test23_06_2 is created!                         
/Group/da/sukeng/IO_nextsim/neXtSIM_test23_06_2/FILTER is created!                         
/Group/da/sukeng/IO_nextsim/neXtSIM_test23_06_2/ENS01 is created!                         
57735
Process still running... 57735
Process still running... 34672
Process still running... 57735
Process still running... 34672
Process still running... 57735
Process still running... 34672
Process still running... 34672
Process still running... 34672
Process still running... 34672
Process still running... 34672
Process still running... 34672
Process still running... 34672
Process still running... 34672
Process still running... 34672
Process still running... 34672
Process still running... 34672
Process still running... 34672
Process still running... 34672
Process still running... 34672
Process still running... 34672
Process still running... 34672
Process still running... 34672
Process still running... 34672
Process still running... 34672
Process still running... 34672
Process still running... 34672
Process still running... 34672
Process still running... 34672
Process still running... 34672
Process still running... 34672
Process still running... 34672
Process still running... 34672
Process still running... 34672
Process still running... 34672
Process still running... 34672
Process still running... 34672
Process still running... 34672
Process still running... 34672
Process still running... 34672
Process still running... 34672
Process still running... 34672
Process still running... 34672
Process still running... 34672
Process still running... 34672
Process still running... 34672
Process still running... 34672
Process still running... 34672
Process still running... 34672
Process still running... 34672
Process still running... 34672
Process still running... 34672
Process still running... 34672
Process still running... 34672
Process still running... 34672
Process still running... 34672
Process still running... 34672
Process still running... 34672
Process still running... 34672
Process still running... 34672
Process still running... 34672
Process still running... 34672
Process still running... 34672
Process still running... 34672
Process still running... 34672
Process still running... 34672
Process still running... 34672
Process still running... 34672
Process still running... 34672
Process still running... 34672
Process still running... 34672
Process still running... 34672
Process still running... 34672
Process still running... 34672
Process still running... 34672
Process still running... 34672
Process still running... 34672
Process still running... 34672
Process still running... 34672
Process still running... 34672
Process still running... 34672
Process still running... 34672
Process still running... 34672
Process still running... 34672
Process still running... 34672
/Group/da/sukeng/nextsim-ensemble/simulation/deterministic_run.sh: line 46: kill: (34672) - No such process
/Group/da/sukeng/IO_nextsim/neXtSIM_test23_06_2 is created!                         
/Group/da/sukeng/IO_nextsim/neXtSIM_test23_06_2/FILTER is created!                         
/Group/da/sukeng/IO_nextsim/neXtSIM_test23_06_2/ENS01 is created!                         
54661
Process still running... 54661
Process still running... 54661
Process still running... 54661
Process still running... 54661
Process still running... 54661
Process still running... 54661
Process still running... 54661
./perturb_wind.sh: line 52: kill: (54661) - No such process
54661 for ENS01 is stopped accidentally, redo
58304
Process still running... 58304
Process still running... 58304
Process still running... 58304
Process still running... 58304
Process still running... 58304
Process still running... 58304
Process still running... 58304
Process still running... 58304
Process still running... 58304
Process still running... 58304
Process still running... 58304
Process still running... 58304
Process still running... 58304
Process still running... 58304
Process still running... 58304
Process still running... 58304
Process still running... 58304
Process still running... 58304
/Group/da/sukeng/IO_nextsim/neXtSIM_test23_06_1 is created!                         
/Group/da/sukeng/IO_nextsim/neXtSIM_test23_06_1/FILTER is created!                         
/Group/da/sukeng/IO_nextsim/neXtSIM_test23_06_1/ENS01 is created!                         
4257
Process still running... 4257
Process still running... 4257
Process still running... 4257
Process still running... 4257
Process still running... 4257
Process still running... 4257
./perturb_wind.sh: line 52: kill: (4257) - No such process
[INFO] : -----------------------Total time spent:  00:10:16
ENS01 is finished
/Group/da/sukeng/IO_nextsim/neXtSIM_test23_06_1/ENS02 is created!                         
7307
Process still running... 7307
Process still running... 7307
Process still running... 7307
Process still running... 7307
/Group/da/sukeng/IO_nextsim/neXtSIM_test23_06_1 is created!                         
/Group/da/sukeng/IO_nextsim/neXtSIM_test23_06_1/FILTER is created!                         
/Group/da/sukeng/IO_nextsim/neXtSIM_test23_06_1/ENS01 is created!                         
9420
Process still running... 9420
/Group/da/sukeng/IO_nextsim/neXtSIM_test23_06_1 is created!                         
/Group/da/sukeng/IO_nextsim/neXtSIM_test23_06_1/FILTER is created!                         
/Group/da/sukeng/IO_nextsim/neXtSIM_test23_06_1/ENS01 is created!                         
9822
Process still running... 9822
Process still running... 9822
Process still running... 9822
